19:47:01.9764 [0m[34m[INFO] [0mkanata v1.10.1 starting
19:47:01.9775 [0m[34m[INFO] [0mprocess unmapped keys: true
19:47:01.9776 [0m[34m[INFO] [0mNOTE: kanata was compiled to never allow cmd
19:47:01.9787 [0m[34m[INFO] [0mconfig file is valid
19:47:01.9788 [0m[34m[INFO] [0mSleeping for 2s. Please release all keys and don't press additional ones. Run kanata with --help to see how understand more and how to disable this sleep.
19:47:04.0219 [0m[34m[INFO] [0mentering the processing loop
19:47:04.0223 [0m[34m[INFO] [0mentering the event loop
19:47:04.0224 [0m[34m[INFO] [0mInit: catching only releases and sending immediately
19:47:12.0649 [0m[34m[INFO] [0mkanata v1.10.1 starting
19:47:12.0657 [0m[34m[INFO] [0mprocess unmapped keys: true
19:47:12.0658 [0m[34m[INFO] [0mNOTE: kanata was compiled to never allow cmd
19:47:12.0669 [0m[34m[INFO] [0mconfig file is valid
19:47:12.0670 [0m[34m[INFO] [0mSleeping for 2s. Please release all keys and don't press additional ones. Run kanata with --help to see how understand more and how to disable this sleep.
19:47:14.0682 [0m[34m[INFO] [0mentering the processing loop
19:47:14.0684 [0m[34m[INFO] [0mentering the event loop
19:47:14.0685 [0m[34m[INFO] [0mInit: catching only releases and sending immediately
19:47:22.1223 [0m[34m[INFO] [0mkanata v1.10.1 starting
19:47:22.1231 [0m[34m[INFO] [0mprocess unmapped keys: true
19:47:22.1233 [0m[34m[INFO] [0mNOTE: kanata was compiled to never allow cmd
19:47:22.1241 [0m[34m[INFO] [0mconfig file is valid
19:47:22.1242 [0m[34m[INFO] [0mSleeping for 2s. Please release all keys and don't press additional ones. Run kanata with --help to see how understand more and how to disable this sleep.
19:47:24.1774 [0m[34m[INFO] [0mentering the processing loop
19:47:24.1776 [0m[34m[INFO] [0mentering the event loop
19:47:24.1779 [0m[34m[INFO] [0mInit: catching only releases and sending immediately
19:47:32.2128 [0m[34m[INFO] [0mkanata v1.10.1 starting
19:47:32.2137 [0m[34m[INFO] [0mprocess unmapped keys: true
19:47:32.2141 [0m[34m[INFO] [0mNOTE: kanata was compiled to never allow cmd
19:47:32.2166 [0m[34m[INFO] [0mconfig file is valid
19:47:32.2168 [0m[34m[INFO] [0mSleeping for 2s. Please release all keys and don't press additional ones. Run kanata with --help to see how understand more and how to disable this sleep.
19:47:34.2432 [0m[34m[INFO] [0mentering the processing loop
19:47:34.2438 [0m[34m[INFO] [0mentering the event loop
19:47:34.2439 [0m[34m[INFO] [0mInit: catching only releases and sending immediately
19:47:42.2887 [0m[34m[INFO] [0mkanata v1.10.1 starting
19:47:42.2891 [0m[34m[INFO] [0mprocess unmapped keys: true
19:47:42.2893 [0m[34m[INFO] [0mNOTE: kanata was compiled to never allow cmd
19:47:42.2901 [0m[34m[INFO] [0mconfig file is valid
19:47:42.2902 [0m[34m[INFO] [0mSleeping for 2s. Please release all keys and don't press additional ones. Run kanata with --help to see how understand more and how to disable this sleep.
19:47:44.2969 [0m[34m[INFO] [0mentering the processing loop
19:47:44.2971 [0m[34m[INFO] [0mentering the event loop
19:47:44.2971 [0m[34m[INFO] [0mInit: catching only releases and sending immediately
19:47:52.3415 [0m[34m[INFO] [0mkanata v1.10.1 starting
19:47:52.3420 [0m[34m[INFO] [0mprocess unmapped keys: true
19:47:52.3421 [0m[34m[INFO] [0mNOTE: kanata was compiled to never allow cmd
19:47:52.3431 [0m[34m[INFO] [0mconfig file is valid
19:47:52.3431 [0m[34m[INFO] [0mSleeping for 2s. Please release all keys and don't press additional ones. Run kanata with --help to see how understand more and how to disable this sleep.
19:47:54.3962 [0m[34m[INFO] [0mentering the processing loop
19:47:54.3965 [0m[34m[INFO] [0mentering the event loop
19:47:54.3966 [0m[34m[INFO] [0mInit: catching only releases and sending immediately
19:49:48.8464 [0m[34m[INFO] [0mkanata v1.10.1 starting
19:49:48.8476 [0m[34m[INFO] [0mprocess unmapped keys: true
19:49:48.8478 [0m[34m[INFO] [0mNOTE: kanata was compiled to never allow cmd
19:49:48.8489 [0m[34m[INFO] [0mconfig file is valid
19:49:48.8491 [0m[34m[INFO] [0mSleeping for 2s. Please release all keys and don't press additional ones. Run kanata with --help to see how understand more and how to disable this sleep.
19:49:50.8633 [0m[34m[INFO] [0mentering the processing loop
19:49:50.8634 [0m[34m[INFO] [0mentering the event loop
19:49:50.8637 [0m[34m[INFO] [0mInit: catching only releases and sending immediately
19:49:58.9073 [0m[34m[INFO] [0mkanata v1.10.1 starting
19:49:58.9081 [0m[34m[INFO] [0mprocess unmapped keys: true
19:49:58.9083 [0m[34m[INFO] [0mNOTE: kanata was compiled to never allow cmd
19:49:58.9091 [0m[34m[INFO] [0mconfig file is valid
19:49:58.9092 [0m[34m[INFO] [0mSleeping for 2s. Please release all keys and don't press additional ones. Run kanata with --help to see how understand more and how to disable this sleep.
19:50:00.9508 [0m[34m[INFO] [0mentering the processing loop
19:50:00.9513 [0m[34m[INFO] [0mentering the event loop
19:50:00.9514 [0m[34m[INFO] [0mInit: catching only releases and sending immediately
19:50:08.9981 [0m[34m[INFO] [0mkanata v1.10.1 starting
19:50:08.9985 [0m[34m[INFO] [0mprocess unmapped keys: true
19:50:08.9986 [0m[34m[INFO] [0mNOTE: kanata was compiled to never allow cmd
19:50:08.9995 [0m[34m[INFO] [0mconfig file is valid
19:50:08.9996 [0m[34m[INFO] [0mSleeping for 2s. Please release all keys and don't press additional ones. Run kanata with --help to see how understand more and how to disable this sleep.
19:50:11.0717 [0m[34m[INFO] [0mentering the processing loop
19:50:11.0719 [0m[34m[INFO] [0mentering the event loop
19:50:11.0719 [0m[34m[INFO] [0mInit: catching only releases and sending immediately
19:50:19.1136 [0m[34m[INFO] [0mkanata v1.10.1 starting
19:50:19.1148 [0m[34m[INFO] [0mprocess unmapped keys: true
19:50:19.1152 [0m[34m[INFO] [0mNOTE: kanata was compiled to never allow cmd
19:50:19.1177 [0m[34m[INFO] [0mconfig file is valid
19:50:19.1178 [0m[34m[INFO] [0mSleeping for 2s. Please release all keys and don't press additional ones. Run kanata with --help to see how understand more and how to disable this sleep.
19:50:21.1555 [0m[34m[INFO] [0mentering the processing loop
19:50:21.1557 [0m[34m[INFO] [0mentering the event loop
19:50:21.1573 [0m[34m[INFO] [0mInit: catching only releases and sending immediately
19:50:29.1937 [0m[34m[INFO] [0mkanata v1.10.1 starting
19:50:29.1942 [0m[34m[INFO] [0mprocess unmapped keys: true
19:50:29.1943 [0m[34m[INFO] [0mNOTE: kanata was compiled to never allow cmd
19:50:29.1952 [0m[34m[INFO] [0mconfig file is valid
19:50:29.1953 [0m[34m[INFO] [0mSleeping for 2s. Please release all keys and don't press additional ones. Run kanata with --help to see how understand more and how to disable this sleep.
19:50:31.2178 [0m[34m[INFO] [0mentering the processing loop
19:50:31.2182 [0m[34m[INFO] [0mentering the event loop
19:50:31.2186 [0m[34m[INFO] [0mInit: catching only releases and sending immediately
19:50:39.2619 [0m[34m[INFO] [0mkanata v1.10.1 starting
19:50:39.2623 [0m[34m[INFO] [0mprocess unmapped keys: true
19:50:39.2625 [0m[34m[INFO] [0mNOTE: kanata was compiled to never allow cmd
19:50:39.2644 [0m[34m[INFO] [0mconfig file is valid
19:50:39.2645 [0m[34m[INFO] [0mSleeping for 2s. Please release all keys and don't press additional ones. Run kanata with --help to see how understand more and how to disable this sleep.
19:50:41.3038 [0m[34m[INFO] [0mentering the processing loop
19:50:41.3040 [0m[34m[INFO] [0mentering the event loop
19:50:41.3042 [0m[34m[INFO] [0mInit: catching only releases and sending immediately
19:50:49.3421 [0m[34m[INFO] [0mkanata v1.10.1 starting
19:50:49.3425 [0m[34m[INFO] [0mprocess unmapped keys: true
19:50:49.3427 [0m[34m[INFO] [0mNOTE: kanata was compiled to never allow cmd
19:50:49.3436 [0m[34m[INFO] [0mconfig file is valid
19:50:49.3437 [0m[34m[INFO] [0mSleeping for 2s. Please release all keys and don't press additional ones. Run kanata with --help to see how understand more and how to disable this sleep.
19:50:51.4178 [0m[34m[INFO] [0mentering the processing loop
19:50:51.4180 [0m[34m[INFO] [0mentering the event loop
19:50:51.4181 [0m[34m[INFO] [0mInit: catching only releases and sending immediately
21:13:02.0470 [0m[34m[INFO] [0mkanata v1.10.1 starting
21:13:02.8295 [0m[34m[INFO] [0mprocess unmapped keys: true
21:13:03.0217 [0m[34m[INFO] [0mNOTE: kanata was compiled to never allow cmd
21:13:03.1336 [0m[34m[INFO] [0mconfig file is valid
21:13:03.2159 [0m[34m[INFO] [0mSleeping for 2s. Please release all keys and don't press additional ones. Run kanata with --help to see how understand more and how to disable this sleep.
21:13:05.2635 [0m[34m[INFO] [0mentering the processing loop
21:13:05.2763 [0m[34m[INFO] [0mentering the event loop
21:13:05.2835 [0m[34m[INFO] [0mInit: catching only releases and sending immediately
21:13:10.4246 [0m[34m[INFO] [0mkanata v1.10.1 starting
21:13:10.4264 [0m[34m[INFO] [0mprocess unmapped keys: true
21:13:10.4269 [0m[34m[INFO] [0mNOTE: kanata was compiled to never allow cmd
21:13:10.4300 [0m[34m[INFO] [0mconfig file is valid
21:13:10.4304 [0m[34m[INFO] [0mSleeping for 2s. Please release all keys and don't press additional ones. Run kanata with --help to see how understand more and how to disable this sleep.
21:13:12.4887 [0m[34m[INFO] [0mentering the processing loop
21:13:12.4942 [0m[34m[INFO] [0mentering the event loop
21:13:12.4974 [0m[34m[INFO] [0mInit: catching only releases and sending immediately
21:13:20.5527 [0m[34m[INFO] [0mkanata v1.10.1 starting
21:13:20.5541 [0m[34m[INFO] [0mprocess unmapped keys: true
21:13:20.5543 [0m[34m[INFO] [0mNOTE: kanata was compiled to never allow cmd
21:13:20.5554 [0m[34m[INFO] [0mconfig file is valid
21:13:20.5555 [0m[34m[INFO] [0mSleeping for 2s. Please release all keys and don't press additional ones. Run kanata with --help to see how understand more and how to disable this sleep.
21:13:22.5679 [0m[34m[INFO] [0mentering the processing loop
21:13:22.5681 [0m[34m[INFO] [0mentering the event loop
21:13:22.5681 [0m[34m[INFO] [0mInit: catching only releases and sending immediately
21:13:30.6318 [0m[34m[INFO] [0mkanata v1.10.1 starting
21:13:30.6336 [0m[34m[INFO] [0mprocess unmapped keys: true
21:13:30.6341 [0m[34m[INFO] [0mNOTE: kanata was compiled to never allow cmd
21:13:30.6370 [0m[34m[INFO] [0mconfig file is valid
21:13:30.6373 [0m[34m[INFO] [0mSleeping for 2s. Please release all keys and don't press additional ones. Run kanata with --help to see how understand more and how to disable this sleep.
21:13:32.6898 [0m[34m[INFO] [0mentering the processing loop
21:13:32.6907 [0m[34m[INFO] [0mentering the event loop
21:13:32.6916 [0m[34m[INFO] [0mInit: catching only releases and sending immediately
21:13:40.7417 [0m[34m[INFO] [0mkanata v1.10.1 starting
21:13:40.7429 [0m[34m[INFO] [0mprocess unmapped keys: true
21:13:40.7431 [0m[34m[INFO] [0mNOTE: kanata was compiled to never allow cmd
21:13:40.7443 [0m[34m[INFO] [0mconfig file is valid
21:13:40.7446 [0m[34m[INFO] [0mSleeping for 2s. Please release all keys and don't press additional ones. Run kanata with --help to see how understand more and how to disable this sleep.
21:13:42.7787 [0m[34m[INFO] [0mentering the processing loop
21:13:42.7789 [0m[34m[INFO] [0mentering the event loop
21:13:42.7794 [0m[34m[INFO] [0mInit: catching only releases and sending immediately
21:13:50.8233 [0m[34m[INFO] [0mkanata v1.10.1 starting
21:13:50.8250 [0m[34m[INFO] [0mprocess unmapped keys: true
21:13:50.8255 [0m[34m[INFO] [0mNOTE: kanata was compiled to never allow cmd
21:13:50.8279 [0m[34m[INFO] [0mconfig file is valid
21:13:50.8281 [0m[34m[INFO] [0mSleeping for 2s. Please release all keys and don't press additional ones. Run kanata with --help to see how understand more and how to disable this sleep.
21:13:52.9033 [0m[34m[INFO] [0mentering the processing loop
21:13:52.9039 [0m[34m[INFO] [0mentering the event loop
21:13:52.9040 [0m[34m[INFO] [0mInit: catching only releases and sending immediately
21:14:00.9532 [0m[34m[INFO] [0mkanata v1.10.1 starting
21:14:00.9689 [0m[34m[INFO] [0mprocess unmapped keys: true
21:14:00.9694 [0m[34m[INFO] [0mNOTE: kanata was compiled to never allow cmd
21:14:00.9714 [0m[34m[INFO] [0mconfig file is valid
21:14:00.9718 [0m[34m[INFO] [0mSleeping for 2s. Please release all keys and don't press additional ones. Run kanata with --help to see how understand more and how to disable this sleep.
21:14:03.0261 [0m[34m[INFO] [0mentering the processing loop
21:14:03.0263 [0m[34m[INFO] [0mentering the event loop
21:14:03.0264 [0m[34m[INFO] [0mInit: catching only releases and sending immediately
21:14:11.0772 [0m[34m[INFO] [0mkanata v1.10.1 starting
21:14:11.0997 [0m[34m[INFO] [0mprocess unmapped keys: true
21:14:11.1001 [0m[34m[INFO] [0mNOTE: kanata was compiled to never allow cmd
21:14:11.1029 [0m[34m[INFO] [0mconfig file is valid
21:14:11.1031 [0m[34m[INFO] [0mSleeping for 2s. Please release all keys and don't press additional ones. Run kanata with --help to see how understand more and how to disable this sleep.
21:14:13.1778 [0m[34m[INFO] [0mentering the processing loop
21:14:13.1783 [0m[34m[INFO] [0mentering the event loop
21:14:13.1785 [0m[34m[INFO] [0mInit: catching only releases and sending immediately
21:14:21.2471 [0m[34m[INFO] [0mkanata v1.10.1 starting
21:14:21.2493 [0m[34m[INFO] [0mprocess unmapped keys: true
21:14:21.2497 [0m[34m[INFO] [0mNOTE: kanata was compiled to never allow cmd
21:14:21.2521 [0m[34m[INFO] [0mconfig file is valid
21:14:21.2524 [0m[34m[INFO] [0mSleeping for 2s. Please release all keys and don't press additional ones. Run kanata with --help to see how understand more and how to disable this sleep.
21:14:23.3232 [0m[34m[INFO] [0mentering the processing loop
21:14:23.3235 [0m[34m[INFO] [0mentering the event loop
21:14:23.3238 [0m[34m[INFO] [0mInit: catching only releases and sending immediately
21:14:31.3759 [0m[34m[INFO] [0mkanata v1.10.1 starting
21:14:31.3776 [0m[34m[INFO] [0mprocess unmapped keys: true
21:14:31.3781 [0m[34m[INFO] [0mNOTE: kanata was compiled to never allow cmd
21:14:31.3812 [0m[34m[INFO] [0mconfig file is valid
21:14:31.3815 [0m[34m[INFO] [0mSleeping for 2s. Please release all keys and don't press additional ones. Run kanata with --help to see how understand more and how to disable this sleep.
21:14:33.4305 [0m[34m[INFO] [0mentering the processing loop
21:14:33.4308 [0m[34m[INFO] [0mentering the event loop
21:14:33.4309 [0m[34m[INFO] [0mInit: catching only releases and sending immediately
21:14:41.4911 [0m[34m[INFO] [0mkanata v1.10.1 starting
21:14:41.4930 [0m[34m[INFO] [0mprocess unmapped keys: true
21:14:41.4933 [0m[34m[INFO] [0mNOTE: kanata was compiled to never allow cmd
21:14:41.4959 [0m[34m[INFO] [0mconfig file is valid
21:14:41.4961 [0m[34m[INFO] [0mSleeping for 2s. Please release all keys and don't press additional ones. Run kanata with --help to see how understand more and how to disable this sleep.
21:14:43.5239 [0m[34m[INFO] [0mentering the processing loop
21:14:43.5241 [0m[34m[INFO] [0mentering the event loop
21:14:43.5244 [0m[34m[INFO] [0mInit: catching only releases and sending immediately
21:14:51.5724 [0m[34m[INFO] [0mkanata v1.10.1 starting
21:14:51.5741 [0m[34m[INFO] [0mprocess unmapped keys: true
21:14:51.5745 [0m[34m[INFO] [0mNOTE: kanata was compiled to never allow cmd
21:14:51.5770 [0m[34m[INFO] [0mconfig file is valid
21:14:51.5773 [0m[34m[INFO] [0mSleeping for 2s. Please release all keys and don't press additional ones. Run kanata with --help to see how understand more and how to disable this sleep.
21:14:53.6267 [0m[34m[INFO] [0mentering the processing loop
21:14:53.6609 [0m[34m[INFO] [0mInit: catching only releases and sending immediately
21:14:53.6619 [0m[34m[INFO] [0mentering the event loop
21:15:01.7022 [0m[34m[INFO] [0mkanata v1.10.1 starting
21:15:01.7034 [0m[34m[INFO] [0mprocess unmapped keys: true
21:15:01.7035 [0m[34m[INFO] [0mNOTE: kanata was compiled to never allow cmd
21:15:01.7049 [0m[34m[INFO] [0mconfig file is valid
21:15:01.7050 [0m[34m[INFO] [0mSleeping for 2s. Please release all keys and don't press additional ones. Run kanata with --help to see how understand more and how to disable this sleep.
21:15:03.7591 [0m[34m[INFO] [0mentering the processing loop
21:15:03.7594 [0m[34m[INFO] [0mentering the event loop
21:15:03.7594 [0m[34m[INFO] [0mInit: catching only releases and sending immediately
21:15:11.8163 [0m[34m[INFO] [0mkanata v1.10.1 starting
21:15:11.8173 [0m[34m[INFO] [0mprocess unmapped keys: true
21:15:11.8175 [0m[34m[INFO] [0mNOTE: kanata was compiled to never allow cmd
21:15:11.8185 [0m[34m[INFO] [0mconfig file is valid
21:15:11.8186 [0m[34m[INFO] [0mSleeping for 2s. Please release all keys and don't press additional ones. Run kanata with --help to see how understand more and how to disable this sleep.
21:15:13.8461 [0m[34m[INFO] [0mentering the processing loop
21:15:13.8465 [0m[34m[INFO] [0mentering the event loop
21:15:13.8465 [0m[34m[INFO] [0mInit: catching only releases and sending immediately
21:15:21.8968 [0m[34m[INFO] [0mkanata v1.10.1 starting
21:15:21.8987 [0m[34m[INFO] [0mprocess unmapped keys: true
21:15:21.8989 [0m[34m[INFO] [0mNOTE: kanata was compiled to never allow cmd
21:15:21.9000 [0m[34m[INFO] [0mconfig file is valid
21:15:21.9001 [0m[34m[INFO] [0mSleeping for 2s. Please release all keys and don't press additional ones. Run kanata with --help to see how understand more and how to disable this sleep.
21:15:23.9359 [0m[34m[INFO] [0mentering the processing loop
21:15:23.9365 [0m[34m[INFO] [0mentering the event loop
21:15:23.9365 [0m[34m[INFO] [0mInit: catching only releases and sending immediately
21:15:31.9995 [0m[34m[INFO] [0mkanata v1.10.1 starting
21:15:32.0012 [0m[34m[INFO] [0mprocess unmapped keys: true
21:15:32.0016 [0m[34m[INFO] [0mNOTE: kanata was compiled to never allow cmd
21:15:32.0038 [0m[34m[INFO] [0mconfig file is valid
21:15:32.0039 [0m[34m[INFO] [0mSleeping for 2s. Please release all keys and don't press additional ones. Run kanata with --help to see how understand more and how to disable this sleep.
21:15:34.0358 [0m[34m[INFO] [0mentering the processing loop
21:15:34.0364 [0m[34m[INFO] [0mentering the event loop
21:15:34.0370 [0m[34m[INFO] [0mInit: catching only releases and sending immediately
21:15:42.1089 [0m[34m[INFO] [0mkanata v1.10.1 starting
21:15:42.1110 [0m[34m[INFO] [0mprocess unmapped keys: true
21:15:42.1114 [0m[34m[INFO] [0mNOTE: kanata was compiled to never allow cmd
21:15:42.1137 [0m[34m[INFO] [0mconfig file is valid
21:15:42.1139 [0m[34m[INFO] [0mSleeping for 2s. Please release all keys and don't press additional ones. Run kanata with --help to see how understand more and how to disable this sleep.
21:15:44.1282 [0m[34m[INFO] [0mentering the processing loop
21:15:44.1285 [0m[34m[INFO] [0mentering the event loop
21:15:44.1288 [0m[34m[INFO] [0mInit: catching only releases and sending immediately
21:15:52.1874 [0m[34m[INFO] [0mkanata v1.10.1 starting
21:15:52.1897 [0m[34m[INFO] [0mprocess unmapped keys: true
21:15:52.1900 [0m[34m[INFO] [0mNOTE: kanata was compiled to never allow cmd
21:15:52.1927 [0m[34m[INFO] [0mconfig file is valid
21:15:52.1929 [0m[34m[INFO] [0mSleeping for 2s. Please release all keys and don't press additional ones. Run kanata with --help to see how understand more and how to disable this sleep.
21:15:54.2680 [0m[34m[INFO] [0mentering the processing loop
21:15:54.2685 [0m[34m[INFO] [0mentering the event loop
21:15:54.2691 [0m[34m[INFO] [0mInit: catching only releases and sending immediately
21:16:02.3265 [0m[34m[INFO] [0mkanata v1.10.1 starting
21:16:02.3272 [0m[34m[INFO] [0mprocess unmapped keys: true
21:16:02.3274 [0m[34m[INFO] [0mNOTE: kanata was compiled to never allow cmd
21:16:02.3284 [0m[34m[INFO] [0mconfig file is valid
21:16:02.3285 [0m[34m[INFO] [0mSleeping for 2s. Please release all keys and don't press additional ones. Run kanata with --help to see how understand more and how to disable this sleep.
21:16:04.4041 [0m[34m[INFO] [0mentering the processing loop
21:16:04.4045 [0m[34m[INFO] [0mentering the event loop
21:16:04.4045 [0m[34m[INFO] [0mInit: catching only releases and sending immediately
21:16:12.4809 [0m[34m[INFO] [0mkanata v1.10.1 starting
21:16:12.4832 [0m[34m[INFO] [0mprocess unmapped keys: true
21:16:12.4836 [0m[34m[INFO] [0mNOTE: kanata was compiled to never allow cmd
21:16:12.4862 [0m[34m[INFO] [0mconfig file is valid
21:16:12.4864 [0m[34m[INFO] [0mSleeping for 2s. Please release all keys and don't press additional ones. Run kanata with --help to see how understand more and how to disable this sleep.
21:16:14.4963 [0m[34m[INFO] [0mentering the processing loop
21:16:14.4966 [0m[34m[INFO] [0mentering the event loop
21:16:14.4967 [0m[34m[INFO] [0mInit: catching only releases and sending immediately
21:16:22.5709 [0m[34m[INFO] [0mkanata v1.10.1 starting
21:16:22.5729 [0m[34m[INFO] [0mprocess unmapped keys: true
21:16:22.5733 [0m[34m[INFO] [0mNOTE: kanata was compiled to never allow cmd
21:16:22.5755 [0m[34m[INFO] [0mconfig file is valid
21:16:22.5757 [0m[34m[INFO] [0mSleeping for 2s. Please release all keys and don't press additional ones. Run kanata with --help to see how understand more and how to disable this sleep.
21:16:24.6095 [0m[34m[INFO] [0mentering the processing loop
21:16:24.6098 [0m[34m[INFO] [0mentering the event loop
21:16:24.6099 [0m[34m[INFO] [0mInit: catching only releases and sending immediately
21:16:32.6787 [0m[34m[INFO] [0mkanata v1.10.1 starting
21:16:32.6808 [0m[34m[INFO] [0mprocess unmapped keys: true
21:16:32.6812 [0m[34m[INFO] [0mNOTE: kanata was compiled to never allow cmd
21:16:32.6835 [0m[34m[INFO] [0mconfig file is valid
21:16:32.6837 [0m[34m[INFO] [0mSleeping for 2s. Please release all keys and don't press additional ones. Run kanata with --help to see how understand more and how to disable this sleep.
21:16:34.7433 [0m[34m[INFO] [0mentering the processing loop
21:16:34.7435 [0m[34m[INFO] [0mentering the event loop
21:16:34.7438 [0m[34m[INFO] [0mInit: catching only releases and sending immediately
21:16:42.7902 [0m[34m[INFO] [0mkanata v1.10.1 starting
21:16:42.7912 [0m[34m[INFO] [0mprocess unmapped keys: true
21:16:42.7913 [0m[34m[INFO] [0mNOTE: kanata was compiled to never allow cmd
21:16:42.7929 [0m[34m[INFO] [0mconfig file is valid
21:16:42.7930 [0m[34m[INFO] [0mSleeping for 2s. Please release all keys and don't press additional ones. Run kanata with --help to see how understand more and how to disable this sleep.
21:16:44.7968 [0m[34m[INFO] [0mentering the processing loop
21:16:44.7970 [0m[34m[INFO] [0mentering the event loop
21:16:44.7973 [0m[34m[INFO] [0mInit: catching only releases and sending immediately
21:16:52.8610 [0m[34m[INFO] [0mkanata v1.10.1 starting
21:16:52.8620 [0m[34m[INFO] [0mprocess unmapped keys: true
21:16:52.8621 [0m[34m[INFO] [0mNOTE: kanata was compiled to never allow cmd
21:16:52.8632 [0m[34m[INFO] [0mconfig file is valid
21:16:52.8633 [0m[34m[INFO] [0mSleeping for 2s. Please release all keys and don't press additional ones. Run kanata with --help to see how understand more and how to disable this sleep.
21:16:54.8965 [0m[34m[INFO] [0mentering the processing loop
21:16:54.8968 [0m[34m[INFO] [0mentering the event loop
21:16:54.8969 [0m[34m[INFO] [0mInit: catching only releases and sending immediately
21:17:02.9417 [0m[34m[INFO] [0mkanata v1.10.1 starting
21:17:02.9423 [0m[34m[INFO] [0mprocess unmapped keys: true
21:17:02.9426 [0m[34m[INFO] [0mNOTE: kanata was compiled to never allow cmd
21:17:02.9439 [0m[34m[INFO] [0mconfig file is valid
21:17:02.9440 [0m[34m[INFO] [0mSleeping for 2s. Please release all keys and don't press additional ones. Run kanata with --help to see how understand more and how to disable this sleep.
21:17:04.9464 [0m[34m[INFO] [0mentering the processing loop
21:17:04.9466 [0m[34m[INFO] [0mentering the event loop
21:17:04.9467 [0m[34m[INFO] [0mInit: catching only releases and sending immediately
21:17:13.0139 [0m[34m[INFO] [0mkanata v1.10.1 starting
21:17:13.0151 [0m[34m[INFO] [0mprocess unmapped keys: true
21:17:13.0155 [0m[34m[INFO] [0mNOTE: kanata was compiled to never allow cmd
21:17:13.0180 [0m[34m[INFO] [0mconfig file is valid
21:17:13.0183 [0m[34m[INFO] [0mSleeping for 2s. Please release all keys and don't press additional ones. Run kanata with --help to see how understand more and how to disable this sleep.
21:17:15.0505 [0m[34m[INFO] [0mentering the processing loop
21:17:15.0509 [0m[34m[INFO] [0mentering the event loop
21:17:15.0510 [0m[34m[INFO] [0mInit: catching only releases and sending immediately
21:17:23.0955 [0m[34m[INFO] [0mkanata v1.10.1 starting
21:17:23.0959 [0m[34m[INFO] [0mprocess unmapped keys: true
21:17:23.0961 [0m[34m[INFO] [0mNOTE: kanata was compiled to never allow cmd
21:17:23.0972 [0m[34m[INFO] [0mconfig file is valid
21:17:23.0973 [0m[34m[INFO] [0mSleeping for 2s. Please release all keys and don't press additional ones. Run kanata with --help to see how understand more and how to disable this sleep.
21:17:25.1559 [0m[34m[INFO] [0mentering the processing loop
21:17:25.1564 [0m[34m[INFO] [0mentering the event loop
21:17:25.1565 [0m[34m[INFO] [0mInit: catching only releases and sending immediately
21:17:33.2109 [0m[34m[INFO] [0mkanata v1.10.1 starting
21:17:33.2121 [0m[34m[INFO] [0mprocess unmapped keys: true
21:17:33.2125 [0m[34m[INFO] [0mNOTE: kanata was compiled to never allow cmd
21:17:33.2151 [0m[34m[INFO] [0mconfig file is valid
21:17:33.2153 [0m[34m[INFO] [0mSleeping for 2s. Please release all keys and don't press additional ones. Run kanata with --help to see how understand more and how to disable this sleep.
21:17:35.2768 [0m[34m[INFO] [0mentering the processing loop
21:17:35.2772 [0m[34m[INFO] [0mentering the event loop
21:17:35.2773 [0m[34m[INFO] [0mInit: catching only releases and sending immediately
21:17:43.4127 [0m[34m[INFO] [0mkanata v1.10.1 starting
21:17:43.4254 [0m[34m[INFO] [0mprocess unmapped keys: true
21:17:43.4258 [0m[34m[INFO] [0mNOTE: kanata was compiled to never allow cmd
21:17:43.4281 [0m[34m[INFO] [0mconfig file is valid
21:17:43.4283 [0m[34m[INFO] [0mSleeping for 2s. Please release all keys and don't press additional ones. Run kanata with --help to see how understand more and how to disable this sleep.
21:17:45.4676 [0m[34m[INFO] [0mentering the processing loop
21:17:45.4678 [0m[34m[INFO] [0mentering the event loop
21:17:45.4797 [0m[34m[INFO] [0mInit: catching only releases and sending immediately
21:17:53.5195 [0m[34m[INFO] [0mkanata v1.10.1 starting
21:17:53.5203 [0m[34m[INFO] [0mprocess unmapped keys: true
21:17:53.5205 [0m[34m[INFO] [0mNOTE: kanata was compiled to never allow cmd
21:17:53.5219 [0m[34m[INFO] [0mconfig file is valid
21:17:53.5220 [0m[34m[INFO] [0mSleeping for 2s. Please release all keys and don't press additional ones. Run kanata with --help to see how understand more and how to disable this sleep.
21:17:55.5971 [0m[34m[INFO] [0mentering the processing loop
21:17:55.5974 [0m[34m[INFO] [0mentering the event loop
21:17:55.5974 [0m[34m[INFO] [0mInit: catching only releases and sending immediately
21:18:03.6472 [0m[34m[INFO] [0mkanata v1.10.1 starting
21:18:03.6478 [0m[34m[INFO] [0mprocess unmapped keys: true
21:18:03.6480 [0m[34m[INFO] [0mNOTE: kanata was compiled to never allow cmd
21:18:03.6492 [0m[34m[INFO] [0mconfig file is valid
21:18:03.6493 [0m[34m[INFO] [0mSleeping for 2s. Please release all keys and don't press additional ones. Run kanata with --help to see how understand more and how to disable this sleep.
21:18:05.7219 [0m[34m[INFO] [0mentering the processing loop
21:18:05.7224 [0m[34m[INFO] [0mentering the event loop
21:18:05.7225 [0m[34m[INFO] [0mInit: catching only releases and sending immediately
21:18:13.7627 [0m[34m[INFO] [0mkanata v1.10.1 starting
21:18:13.7633 [0m[34m[INFO] [0mprocess unmapped keys: true
21:18:13.7635 [0m[34m[INFO] [0mNOTE: kanata was compiled to never allow cmd
21:18:13.7645 [0m[34m[INFO] [0mconfig file is valid
21:18:13.7646 [0m[34m[INFO] [0mSleeping for 2s. Please release all keys and don't press additional ones. Run kanata with --help to see how understand more and how to disable this sleep.
21:18:15.8397 [0m[34m[INFO] [0mentering the processing loop
21:18:15.8399 [0m[34m[INFO] [0mentering the event loop
21:18:15.8399 [0m[34m[INFO] [0mInit: catching only releases and sending immediately
21:18:23.8797 [0m[34m[INFO] [0mkanata v1.10.1 starting
21:18:23.9051 [0m[34m[INFO] [0mprocess unmapped keys: true
21:18:23.9058 [0m[34m[INFO] [0mNOTE: kanata was compiled to never allow cmd
21:18:23.9088 [0m[34m[INFO] [0mconfig file is valid
21:18:23.9091 [0m[34m[INFO] [0mSleeping for 2s. Please release all keys and don't press additional ones. Run kanata with --help to see how understand more and how to disable this sleep.
21:18:25.9635 [0m[34m[INFO] [0mentering the processing loop
21:18:25.9637 [0m[34m[INFO] [0mentering the event loop
21:18:25.9640 [0m[34m[INFO] [0mInit: catching only releases and sending immediately
21:18:34.0083 [0m[34m[INFO] [0mkanata v1.10.1 starting
21:18:34.0091 [0m[34m[INFO] [0mprocess unmapped keys: true
21:18:34.0093 [0m[34m[INFO] [0mNOTE: kanata was compiled to never allow cmd
21:18:34.0131 [0m[34m[INFO] [0mconfig file is valid
21:18:34.0134 [0m[34m[INFO] [0mSleeping for 2s. Please release all keys and don't press additional ones. Run kanata with --help to see how understand more and how to disable this sleep.
21:18:36.0664 [0m[34m[INFO] [0mentering the processing loop
21:18:36.0666 [0m[34m[INFO] [0mentering the event loop
21:18:36.0667 [0m[34m[INFO] [0mInit: catching only releases and sending immediately
21:18:44.1214 [0m[34m[INFO] [0mkanata v1.10.1 starting
21:18:44.1225 [0m[34m[INFO] [0mprocess unmapped keys: true
21:18:44.1229 [0m[34m[INFO] [0mNOTE: kanata was compiled to never allow cmd
21:18:44.1253 [0m[34m[INFO] [0mconfig file is valid
21:18:44.1255 [0m[34m[INFO] [0mSleeping for 2s. Please release all keys and don't press additional ones. Run kanata with --help to see how understand more and how to disable this sleep.
21:18:46.1566 [0m[34m[INFO] [0mentering the processing loop
21:18:46.1569 [0m[34m[INFO] [0mentering the event loop
21:18:46.1570 [0m[34m[INFO] [0mInit: catching only releases and sending immediately
21:18:54.2236 [0m[34m[INFO] [0mkanata v1.10.1 starting
21:18:54.2247 [0m[34m[INFO] [0mprocess unmapped keys: true
21:18:54.2251 [0m[34m[INFO] [0mNOTE: kanata was compiled to never allow cmd
21:18:54.2277 [0m[34m[INFO] [0mconfig file is valid
21:18:54.2280 [0m[34m[INFO] [0mSleeping for 2s. Please release all keys and don't press additional ones. Run kanata with --help to see how understand more and how to disable this sleep.
21:18:56.3032 [0m[34m[INFO] [0mentering the processing loop
21:18:56.3038 [0m[34m[INFO] [0mentering the event loop
21:18:56.3039 [0m[34m[INFO] [0mInit: catching only releases and sending immediately
21:19:04.3647 [0m[34m[INFO] [0mkanata v1.10.1 starting
21:19:04.3659 [0m[34m[INFO] [0mprocess unmapped keys: true
21:19:04.3663 [0m[34m[INFO] [0mNOTE: kanata was compiled to never allow cmd
21:19:04.3686 [0m[34m[INFO] [0mconfig file is valid
21:19:04.3688 [0m[34m[INFO] [0mSleeping for 2s. Please release all keys and don't press additional ones. Run kanata with --help to see how understand more and how to disable this sleep.
21:19:06.4440 [0m[34m[INFO] [0mentering the processing loop
21:19:06.4445 [0m[34m[INFO] [0mentering the event loop
21:19:06.4446 [0m[34m[INFO] [0mInit: catching only releases and sending immediately
21:19:14.5101 [0m[34m[INFO] [0mkanata v1.10.1 starting
21:19:14.5114 [0m[34m[INFO] [0mprocess unmapped keys: true
21:19:14.5117 [0m[34m[INFO] [0mNOTE: kanata was compiled to never allow cmd
21:19:14.5145 [0m[34m[INFO] [0mconfig file is valid
21:19:14.5147 [0m[34m[INFO] [0mSleeping for 2s. Please release all keys and don't press additional ones. Run kanata with --help to see how understand more and how to disable this sleep.
21:19:16.5899 [0m[34m[INFO] [0mentering the processing loop
21:19:16.5903 [0m[34m[INFO] [0mentering the event loop
21:19:16.5915 [0m[34m[INFO] [0mInit: catching only releases and sending immediately
21:19:24.6516 [0m[34m[INFO] [0mkanata v1.10.1 starting
21:19:24.6528 [0m[34m[INFO] [0mprocess unmapped keys: true
21:19:24.6532 [0m[34m[INFO] [0mNOTE: kanata was compiled to never allow cmd
21:19:24.6558 [0m[34m[INFO] [0mconfig file is valid
21:19:24.6560 [0m[34m[INFO] [0mSleeping for 2s. Please release all keys and don't press additional ones. Run kanata with --help to see how understand more and how to disable this sleep.
21:19:26.6613 [0m[34m[INFO] [0mentering the processing loop
21:19:26.6622 [0m[34m[INFO] [0mentering the event loop
21:19:26.6623 [0m[34m[INFO] [0mInit: catching only releases and sending immediately
21:19:34.7253 [0m[34m[INFO] [0mkanata v1.10.1 starting
21:19:34.7266 [0m[34m[INFO] [0mprocess unmapped keys: true
21:19:34.7271 [0m[34m[INFO] [0mNOTE: kanata was compiled to never allow cmd
21:19:34.7298 [0m[34m[INFO] [0mconfig file is valid
21:19:34.7301 [0m[34m[INFO] [0mSleeping for 2s. Please release all keys and don't press additional ones. Run kanata with --help to see how understand more and how to disable this sleep.
21:19:36.8054 [0m[34m[INFO] [0mentering the processing loop
21:19:36.8068 [0m[34m[INFO] [0mentering the event loop
21:19:36.8070 [0m[34m[INFO] [0mInit: catching only releases and sending immediately
21:19:44.8710 [0m[34m[INFO] [0mkanata v1.10.1 starting
21:19:44.8728 [0m[34m[INFO] [0mprocess unmapped keys: true
21:19:44.8731 [0m[34m[INFO] [0mNOTE: kanata was compiled to never allow cmd
21:19:44.8758 [0m[34m[INFO] [0mconfig file is valid
21:19:44.8760 [0m[34m[INFO] [0mSleeping for 2s. Please release all keys and don't press additional ones. Run kanata with --help to see how understand more and how to disable this sleep.
21:19:46.8779 [0m[34m[INFO] [0mentering the processing loop
21:19:46.8786 [0m[34m[INFO] [0mentering the event loop
21:19:46.8787 [0m[34m[INFO] [0mInit: catching only releases and sending immediately
21:19:54.9271 [0m[34m[INFO] [0mkanata v1.10.1 starting
21:19:54.9283 [0m[34m[INFO] [0mprocess unmapped keys: true
21:19:54.9285 [0m[34m[INFO] [0mNOTE: kanata was compiled to never allow cmd
21:19:54.9302 [0m[34m[INFO] [0mconfig file is valid
21:19:54.9303 [0m[34m[INFO] [0mSleeping for 2s. Please release all keys and don't press additional ones. Run kanata with --help to see how understand more and how to disable this sleep.
21:19:57.0056 [0m[34m[INFO] [0mentering the processing loop
21:19:57.0059 [0m[34m[INFO] [0mentering the event loop
21:19:57.0060 [0m[34m[INFO] [0mInit: catching only releases and sending immediately
21:20:05.0545 [0m[34m[INFO] [0mkanata v1.10.1 starting
21:20:05.0551 [0m[34m[INFO] [0mprocess unmapped keys: true
21:20:05.0553 [0m[34m[INFO] [0mNOTE: kanata was compiled to never allow cmd
21:20:05.0575 [0m[34m[INFO] [0mconfig file is valid
21:20:05.0579 [0m[34m[INFO] [0mSleeping for 2s. Please release all keys and don't press additional ones. Run kanata with --help to see how understand more and how to disable this sleep.
21:20:07.1331 [0m[34m[INFO] [0mentering the processing loop
21:20:07.1337 [0m[34m[INFO] [0mentering the event loop
21:20:07.1338 [0m[34m[INFO] [0mInit: catching only releases and sending immediately
21:20:15.1923 [0m[34m[INFO] [0mkanata v1.10.1 starting
21:20:15.1937 [0m[34m[INFO] [0mprocess unmapped keys: true
21:20:15.1941 [0m[34m[INFO] [0mNOTE: kanata was compiled to never allow cmd
21:20:15.1967 [0m[34m[INFO] [0mconfig file is valid
21:20:15.1970 [0m[34m[INFO] [0mSleeping for 2s. Please release all keys and don't press additional ones. Run kanata with --help to see how understand more and how to disable this sleep.
21:20:17.2135 [0m[34m[INFO] [0mentering the processing loop
21:20:17.2140 [0m[34m[INFO] [0mentering the event loop
21:20:17.2141 [0m[34m[INFO] [0mInit: catching only releases and sending immediately
21:20:25.2720 [0m[34m[INFO] [0mkanata v1.10.1 starting
21:20:25.2732 [0m[34m[INFO] [0mprocess unmapped keys: true
21:20:25.2735 [0m[34m[INFO] [0mNOTE: kanata was compiled to never allow cmd
21:20:25.2761 [0m[34m[INFO] [0mconfig file is valid
21:20:25.2763 [0m[34m[INFO] [0mSleeping for 2s. Please release all keys and don't press additional ones. Run kanata with --help to see how understand more and how to disable this sleep.
21:20:27.3515 [0m[34m[INFO] [0mentering the processing loop
21:20:27.3529 [0m[34m[INFO] [0mentering the event loop
21:20:27.3546 [0m[34m[INFO] [0mInit: catching only releases and sending immediately
21:20:35.4083 [0m[34m[INFO] [0mkanata v1.10.1 starting
21:20:35.4096 [0m[34m[INFO] [0mprocess unmapped keys: true
21:20:35.4100 [0m[34m[INFO] [0mNOTE: kanata was compiled to never allow cmd
21:20:35.4126 [0m[34m[INFO] [0mconfig file is valid
21:20:35.4128 [0m[34m[INFO] [0mSleeping for 2s. Please release all keys and don't press additional ones. Run kanata with --help to see how understand more and how to disable this sleep.
21:20:37.4880 [0m[34m[INFO] [0mentering the processing loop
21:20:37.4885 [0m[34m[INFO] [0mentering the event loop
21:20:37.4886 [0m[34m[INFO] [0mInit: catching only releases and sending immediately
21:20:45.5490 [0m[34m[INFO] [0mkanata v1.10.1 starting
21:20:45.5501 [0m[34m[INFO] [0mprocess unmapped keys: true
21:20:45.5505 [0m[34m[INFO] [0mNOTE: kanata was compiled to never allow cmd
21:20:45.5531 [0m[34m[INFO] [0mconfig file is valid
21:20:45.5533 [0m[34m[INFO] [0mSleeping for 2s. Please release all keys and don't press additional ones. Run kanata with --help to see how understand more and how to disable this sleep.
21:20:47.6285 [0m[34m[INFO] [0mentering the processing loop
21:20:47.6289 [0m[34m[INFO] [0mentering the event loop
21:20:47.6290 [0m[34m[INFO] [0mInit: catching only releases and sending immediately
21:20:55.6780 [0m[34m[INFO] [0mkanata v1.10.1 starting
21:20:55.6784 [0m[34m[INFO] [0mprocess unmapped keys: true
21:20:55.6785 [0m[34m[INFO] [0mNOTE: kanata was compiled to never allow cmd
21:20:55.6796 [0m[34m[INFO] [0mconfig file is valid
21:20:55.6796 [0m[34m[INFO] [0mSleeping for 2s. Please release all keys and don't press additional ones. Run kanata with --help to see how understand more and how to disable this sleep.
21:20:57.7547 [0m[34m[INFO] [0mentering the processing loop
21:20:57.7552 [0m[34m[INFO] [0mentering the event loop
21:20:57.7553 [0m[34m[INFO] [0mInit: catching only releases and sending immediately
21:21:05.8126 [0m[34m[INFO] [0mkanata v1.10.1 starting
21:21:05.8138 [0m[34m[INFO] [0mprocess unmapped keys: true
21:21:05.8142 [0m[34m[INFO] [0mNOTE: kanata was compiled to never allow cmd
21:21:05.8168 [0m[34m[INFO] [0mconfig file is valid
21:21:05.8170 [0m[34m[INFO] [0mSleeping for 2s. Please release all keys and don't press additional ones. Run kanata with --help to see how understand more and how to disable this sleep.
21:21:07.8921 [0m[34m[INFO] [0mentering the processing loop
21:21:07.8924 [0m[34m[INFO] [0mentering the event loop
21:21:07.8925 [0m[34m[INFO] [0mInit: catching only releases and sending immediately
21:21:15.9485 [0m[34m[INFO] [0mkanata v1.10.1 starting
21:21:15.9498 [0m[34m[INFO] [0mprocess unmapped keys: true
21:21:15.9502 [0m[34m[INFO] [0mNOTE: kanata was compiled to never allow cmd
21:21:15.9528 [0m[34m[INFO] [0mconfig file is valid
21:21:15.9530 [0m[34m[INFO] [0mSleeping for 2s. Please release all keys and don't press additional ones. Run kanata with --help to see how understand more and how to disable this sleep.
21:21:17.9741 [0m[34m[INFO] [0mentering the processing loop
21:21:17.9746 [0m[34m[INFO] [0mentering the event loop
21:21:17.9747 [0m[34m[INFO] [0mInit: catching only releases and sending immediately
21:21:26.0295 [0m[34m[INFO] [0mkanata v1.10.1 starting
21:21:26.0304 [0m[34m[INFO] [0mprocess unmapped keys: true
21:21:26.0307 [0m[34m[INFO] [0mNOTE: kanata was compiled to never allow cmd
21:21:26.0326 [0m[34m[INFO] [0mconfig file is valid
21:21:26.0328 [0m[34m[INFO] [0mSleeping for 2s. Please release all keys and don't press additional ones. Run kanata with --help to see how understand more and how to disable this sleep.
21:21:28.1006 [0m[34m[INFO] [0mentering the processing loop
21:21:28.1011 [0m[34m[INFO] [0mentering the event loop
21:21:28.1012 [0m[34m[INFO] [0mInit: catching only releases and sending immediately
21:21:36.1449 [0m[34m[INFO] [0mkanata v1.10.1 starting
21:21:36.1454 [0m[34m[INFO] [0mprocess unmapped keys: true
21:21:36.1456 [0m[34m[INFO] [0mNOTE: kanata was compiled to never allow cmd
21:21:36.1466 [0m[34m[INFO] [0mconfig file is valid
21:21:36.1467 [0m[34m[INFO] [0mSleeping for 2s. Please release all keys and don't press additional ones. Run kanata with --help to see how understand more and how to disable this sleep.
21:21:38.2219 [0m[34m[INFO] [0mentering the processing loop
21:21:38.2222 [0m[34m[INFO] [0mentering the event loop
21:21:38.2223 [0m[34m[INFO] [0mInit: catching only releases and sending immediately
21:21:46.2911 [0m[34m[INFO] [0mkanata v1.10.1 starting
21:21:46.2920 [0m[34m[INFO] [0mprocess unmapped keys: true
21:21:46.2923 [0m[34m[INFO] [0mNOTE: kanata was compiled to never allow cmd
21:21:46.2940 [0m[34m[INFO] [0mconfig file is valid
21:21:46.2941 [0m[34m[INFO] [0mSleeping for 2s. Please release all keys and don't press additional ones. Run kanata with --help to see how understand more and how to disable this sleep.
21:21:48.3014 [0m[34m[INFO] [0mentering the processing loop
21:21:48.3018 [0m[34m[INFO] [0mentering the event loop
21:21:48.3020 [0m[34m[INFO] [0mInit: catching only releases and sending immediately
21:21:56.3452 [0m[34m[INFO] [0mkanata v1.10.1 starting
21:21:56.3457 [0m[34m[INFO] [0mprocess unmapped keys: true
21:21:56.3458 [0m[34m[INFO] [0mNOTE: kanata was compiled to never allow cmd
21:21:56.3469 [0m[34m[INFO] [0mconfig file is valid
21:21:56.3470 [0m[34m[INFO] [0mSleeping for 2s. Please release all keys and don't press additional ones. Run kanata with --help to see how understand more and how to disable this sleep.
21:21:58.3899 [0m[34m[INFO] [0mentering the processing loop
21:21:58.3901 [0m[34m[INFO] [0mentering the event loop
21:21:58.3902 [0m[34m[INFO] [0mInit: catching only releases and sending immediately
21:22:06.4334 [0m[34m[INFO] [0mkanata v1.10.1 starting
21:22:06.4341 [0m[34m[INFO] [0mprocess unmapped keys: true
21:22:06.4343 [0m[34m[INFO] [0mNOTE: kanata was compiled to never allow cmd
21:22:06.4358 [0m[34m[INFO] [0mconfig file is valid
21:22:06.4359 [0m[34m[INFO] [0mSleeping for 2s. Please release all keys and don't press additional ones. Run kanata with --help to see how understand more and how to disable this sleep.
21:22:08.4530 [0m[34m[INFO] [0mentering the processing loop
21:22:08.4532 [0m[34m[INFO] [0mentering the event loop
